<?xml version="1.0" encoding="UTF-8"?>
<!-- Generated by org.testng.reporters.JUnitReportReporter -->
<testsuite skipped="0" hostname="DESKTOP-N2E923C" name="ValidateTestPages.SignUpPage" tests="1" failures="0" timestamp="2020-05-08T16:18:22 EDT" time="5.951" errors="0">
  <testcase name="realTest" time="5.951" classname="ValidateTestPages.SignUpPage"/>
  <system-out/>
</testsuite> <!-- ValidateTestPages.SignUpPage -->
